<?xml version="1.0" encoding="UTF-8"?>
<testng-results skipped="0" failed="1" total="1" passed="0">
  <reporter-output>
    <line>
      <![CDATA[<a href='Q:\_VirtualDesktop\Downloads\MyFramework-master\my-automation-project\src\main\java\com\test\automation\uiAutomation\failure_screenshots\passcodeRead_07_15_2018_03_15_48.png'> <img src='Q:\_VirtualDesktop\Downloads\MyFramework-master\my-automation-project\src\main\java\com\test\automation\uiAutomation\failure_screenshots\passcodeRead_07_15_2018_03_15_48.png' height='100' width='100'/></a>]]>
    </line>
    <line>
      <![CDATA[<a href='Q:\_VirtualDesktop\Downloads\MyFramework-master\my-automation-project\src\main\java\com\test\automation\uiAutomation\screenshot\blank_07_15_2018_03_15_49.png'> <img src='Q:\_VirtualDesktop\Downloads\MyFramework-master\my-automation-project\src\main\java\com\test\automation\uiAutomation\screenshot\blank_07_15_2018_03_15_49.png' height='100' width='100'/></a>]]>
    </line>
  </reporter-output>
  <suite name="Suite" duration-ms="40907" started-at="2018-06-07T09:45:11Z" finished-at="2018-06-07T09:45:52Z">
    <groups>
    </groups>
    <test name="Test" duration-ms="40907" started-at="2018-06-07T09:45:11Z" finished-at="2018-06-07T09:45:52Z">
      <class name="com.test.automation.uiAutomation.outlookMail.PasscodeRead">
        <test-method status="PASS" signature="setUp()[pri:0, instance:com.test.automation.uiAutomation.outlookMail.PasscodeRead@1fffcd7]" name="setUp" is-config="true" duration-ms="9070" started-at="2018-06-07T15:15:11Z" finished-at="2018-06-07T15:15:20Z">
          <reporter-output>
          </reporter-output>
        </test-method> <!-- setUp -->
        <test-method status="FAIL" signature="passcodeRead()[pri:0, instance:com.test.automation.uiAutomation.outlookMail.PasscodeRead@1fffcd7]" name="passcodeRead" duration-ms="28563" started-at="2018-06-07T15:15:20Z" finished-at="2018-06-07T15:15:48Z">
          <exception class="org.openqa.selenium.NoSuchElementException">
            <message>
              <![CDATA[no such element: Unable to locate element: {"method":"xpath","selector":"//span[text()='Unread']"}
  (Session info: chrome=65.0.3325.181)
  (Driver info: chromedriver=2.38.552522 (437e6fbedfa8762dec75e2c5b3ddb86763dc9dcb),platform=Windows NT 6.1.7601 SP1 x86) (WARNING: The server did not provide any stacktrace information)
Command duration or timeout: 0 milliseconds
For documentation on this error, please visit: http://seleniumhq.org/exceptions/no_such_element.html
Build info: version: '3.12.0', revision: '7c6e0b3', time: '2018-05-08T14:04:26.12Z'
System info: host: 'USNYXS32W7N539', ip: '172.20.126.89', os.name: 'Windows 7', os.arch: 'x86', os.version: '6.1', java.version: '1.8.0_91'
Driver info: org.openqa.selenium.chrome.ChromeDriver
Capabilities {acceptInsecureCerts: false, acceptSslCerts: false, applicationCacheEnabled: false, browserConnectionEnabled: false, browserName: chrome, chrome: {chromedriverVersion: 2.38.552522 (437e6fbedfa876..., userDataDir: C:\Users\Gargsh\AppData\Loc...}, cssSelectorsEnabled: true, databaseEnabled: false, handlesAlerts: true, hasTouchScreen: false, javascriptEnabled: true, locationContextEnabled: true, mobileEmulationEnabled: false, nativeEvents: true, networkConnectionEnabled: false, pageLoadStrategy: normal, platform: XP, platformName: XP, rotatable: false, setWindowRect: true, takesHeapSnapshot: true, takesScreenshot: true, unexpectedAlertBehaviour: , unhandledPromptBehavior: , version: 65.0.3325.181, webStorageEnabled: true}
Session ID: cdb6965e21b4519a355f978979b38a22
*** Element info: {Using=xpath, value=//span[text()='Unread']}]]>
            </message>
            <full-stacktrace>
              <![CDATA[org.openqa.selenium.NoSuchElementException: no such element: Unable to locate element: {"method":"xpath","selector":"//span[text()='Unread']"}
  (Session info: chrome=65.0.3325.181)
  (Driver info: chromedriver=2.38.552522 (437e6fbedfa8762dec75e2c5b3ddb86763dc9dcb),platform=Windows NT 6.1.7601 SP1 x86) (WARNING: The server did not provide any stacktrace information)
Command duration or timeout: 0 milliseconds
For documentation on this error, please visit: http://seleniumhq.org/exceptions/no_such_element.html
Build info: version: '3.12.0', revision: '7c6e0b3', time: '2018-05-08T14:04:26.12Z'
System info: host: 'USNYXS32W7N539', ip: '172.20.126.89', os.name: 'Windows 7', os.arch: 'x86', os.version: '6.1', java.version: '1.8.0_91'
Driver info: org.openqa.selenium.chrome.ChromeDriver
Capabilities {acceptInsecureCerts: false, acceptSslCerts: false, applicationCacheEnabled: false, browserConnectionEnabled: false, browserName: chrome, chrome: {chromedriverVersion: 2.38.552522 (437e6fbedfa876..., userDataDir: C:\Users\Gargsh\AppData\Loc...}, cssSelectorsEnabled: true, databaseEnabled: false, handlesAlerts: true, hasTouchScreen: false, javascriptEnabled: true, locationContextEnabled: true, mobileEmulationEnabled: false, nativeEvents: true, networkConnectionEnabled: false, pageLoadStrategy: normal, platform: XP, platformName: XP, rotatable: false, setWindowRect: true, takesHeapSnapshot: true, takesScreenshot: true, unexpectedAlertBehaviour: , unhandledPromptBehavior: , version: 65.0.3325.181, webStorageEnabled: true}
Session ID: cdb6965e21b4519a355f978979b38a22
*** Element info: {Using=xpath, value=//span[text()='Unread']}
	at sun.reflect.NativeConstructorAccessorImpl.newInstance0(Native Method)
	at sun.reflect.NativeConstructorAccessorImpl.newInstance(NativeConstructorAccessorImpl.java:62)
	at sun.reflect.DelegatingConstructorAccessorImpl.newInstance(DelegatingConstructorAccessorImpl.java:45)
	at java.lang.reflect.Constructor.newInstance(Constructor.java:423)
	at org.openqa.selenium.remote.ErrorHandler.createThrowable(ErrorHandler.java:214)
	at org.openqa.selenium.remote.ErrorHandler.throwIfResponseFailed(ErrorHandler.java:166)
	at org.openqa.selenium.remote.http.JsonHttpResponseCodec.reconstructValue(JsonHttpResponseCodec.java:40)
	at org.openqa.selenium.remote.http.AbstractHttpResponseCodec.decode(AbstractHttpResponseCodec.java:80)
	at org.openqa.selenium.remote.http.AbstractHttpResponseCodec.decode(AbstractHttpResponseCodec.java:44)
	at org.openqa.selenium.remote.HttpCommandExecutor.execute(HttpCommandExecutor.java:158)
	at org.openqa.selenium.remote.service.DriverCommandExecutor.execute(DriverCommandExecutor.java:83)
	at org.openqa.selenium.remote.RemoteWebDriver.execute(RemoteWebDriver.java:543)
	at org.openqa.selenium.remote.RemoteWebDriver.findElement(RemoteWebDriver.java:317)
	at org.openqa.selenium.remote.RemoteWebDriver.findElementByXPath(RemoteWebDriver.java:419)
	at org.openqa.selenium.By$ByXPath.findElement(By.java:353)
	at org.openqa.selenium.remote.RemoteWebDriver.findElement(RemoteWebDriver.java:309)
	at org.openqa.selenium.support.pagefactory.DefaultElementLocator.findElement(DefaultElementLocator.java:69)
	at org.openqa.selenium.support.pagefactory.internal.LocatingElementHandler.invoke(LocatingElementHandler.java:38)
	at com.sun.proxy.$Proxy11.click(Unknown Source)
	at com.test.automation.uiAutomation.ipmuiActions.OutlookLoginPage.loginOutlook(OutlookLoginPage.java:76)
	at com.test.automation.uiAutomation.outlookMail.PasscodeRead.passcodeRead(PasscodeRead.java:24)
	at sun.reflect.NativeMethodAccessorImpl.invoke0(Native Method)
	at sun.reflect.NativeMethodAccessorImpl.invoke(NativeMethodAccessorImpl.java:62)
	at sun.reflect.DelegatingMethodAccessorImpl.invoke(DelegatingMethodAccessorImpl.java:43)
	at java.lang.reflect.Method.invoke(Method.java:498)
	at org.testng.internal.MethodInvocationHelper.invokeMethod(MethodInvocationHelper.java:80)
	at org.testng.internal.Invoker.invokeMethod(Invoker.java:714)
	at org.testng.internal.Invoker.invokeTestMethod(Invoker.java:901)
	at org.testng.internal.Invoker.invokeTestMethods(Invoker.java:1231)
	at org.testng.internal.TestMethodWorker.invokeTestMethods(TestMethodWorker.java:127)
	at org.testng.internal.TestMethodWorker.run(TestMethodWorker.java:111)
	at org.testng.TestRunner.privateRun(TestRunner.java:767)
	at org.testng.TestRunner.run(TestRunner.java:617)
	at org.testng.SuiteRunner.runTest(SuiteRunner.java:334)
	at org.testng.SuiteRunner.runSequentially(SuiteRunner.java:329)
	at org.testng.SuiteRunner.privateRun(SuiteRunner.java:291)
	at org.testng.SuiteRunner.run(SuiteRunner.java:240)
	at org.testng.SuiteRunnerWorker.runSuite(SuiteRunnerWorker.java:52)
	at org.testng.SuiteRunnerWorker.run(SuiteRunnerWorker.java:86)
	at org.testng.TestNG.runSuitesSequentially(TestNG.java:1198)
	at org.testng.TestNG.runSuitesLocally(TestNG.java:1123)
	at org.testng.TestNG.run(TestNG.java:1031)
	at org.testng.remote.AbstractRemoteTestNG.run(AbstractRemoteTestNG.java:132)
	at org.testng.remote.RemoteTestNG.initAndRun(RemoteTestNG.java:230)
	at org.testng.remote.RemoteTestNG.main(RemoteTestNG.java:76)
]]>
            </full-stacktrace>
          </exception> <!-- org.openqa.selenium.NoSuchElementException -->
          <reporter-output>
            <line>
              <![CDATA[<a href='Q:\_VirtualDesktop\Downloads\MyFramework-master\my-automation-project\src\main\java\com\test\automation\uiAutomation\failure_screenshots\passcodeRead_07_15_2018_03_15_48.png'> <img src='Q:\_VirtualDesktop\Downloads\MyFramework-master\my-automation-project\src\main\java\com\test\automation\uiAutomation\failure_screenshots\passcodeRead_07_15_2018_03_15_48.png' height='100' width='100'/></a>]]>
            </line>
          </reporter-output>
        </test-method> <!-- passcodeRead -->
        <test-method status="PASS" signature="beforeMethod(java.lang.reflect.Method)[pri:0, instance:com.test.automation.uiAutomation.outlookMail.PasscodeRead@1fffcd7]" name="beforeMethod" is-config="true" duration-ms="0" started-at="2018-06-07T15:15:20Z" finished-at="2018-06-07T15:15:20Z">
          <params>
            <param index="0">
              <value>
                <![CDATA[public void com.test.automation.uiAutomation.outlookMail.PasscodeRead.passcodeRead() throws java.lang.InterruptedException]]>
              </value>
            </param>
          </params>
          <reporter-output>
          </reporter-output>
        </test-method> <!-- beforeMethod -->
        <test-method status="PASS" signature="afterMethod(org.testng.ITestResult)[pri:0, instance:com.test.automation.uiAutomation.outlookMail.PasscodeRead@1fffcd7]" name="afterMethod" is-config="true" duration-ms="284" started-at="2018-06-07T15:15:49Z" finished-at="2018-06-07T15:15:49Z">
          <params>
            <param index="0">
              <value>
                <![CDATA[[TestResult name=passcodeRead status=FAILURE method=PasscodeRead.passcodeRead()[pri:0, instance:com.test.automation.uiAutomation.outlookMail.PasscodeRead@1fffcd7] output=<a href='Q:\_VirtualDesktop\Downloads\MyFramework-master\my-automation-project\src\main\java\com\test\automation\uiAutomation\failure_screenshots\passcodeRead_07_15_2018_03_15_48.png'> <img src='Q:\_VirtualDesktop\Downloads\MyFramework-master\my-automation-project\src\main\java\com\test\automation\uiAutomation\failure_screenshots\passcodeRead_07_15_2018_03_15_48.png' height='100' width='100'/></a>]]]>
              </value>
            </param>
          </params>
          <reporter-output>
            <line>
              <![CDATA[<a href='Q:\_VirtualDesktop\Downloads\MyFramework-master\my-automation-project\src\main\java\com\test\automation\uiAutomation\screenshot\blank_07_15_2018_03_15_49.png'> <img src='Q:\_VirtualDesktop\Downloads\MyFramework-master\my-automation-project\src\main\java\com\test\automation\uiAutomation\screenshot\blank_07_15_2018_03_15_49.png' height='100' width='100'/></a>]]>
            </line>
          </reporter-output>
        </test-method> <!-- afterMethod -->
        <test-method status="PASS" signature="endTest()[pri:0, instance:com.test.automation.uiAutomation.outlookMail.PasscodeRead@1fffcd7]" name="endTest" is-config="true" duration-ms="2320" started-at="2018-06-07T15:15:49Z" finished-at="2018-06-07T15:15:52Z">
          <reporter-output>
          </reporter-output>
        </test-method> <!-- endTest -->
      </class> <!-- com.test.automation.uiAutomation.outlookMail.PasscodeRead -->
    </test> <!-- Test -->
  </suite> <!-- Suite -->
</testng-results>
